/*C28*/SET SCHEMA PUBLIC
DISCONNECT
/*C29*/SET SCHEMA PUBLIC
DISCONNECT
/*C30*/SET SCHEMA PUBLIC
DISCONNECT
/*C32*/SET SCHEMA PUBLIC
DISCONNECT
/*C33*/SET SCHEMA PUBLIC
DISCONNECT
/*C31*/SET SCHEMA PUBLIC
DISCONNECT
/*C34*/SET SCHEMA PUBLIC
DISCONNECT
/*C35*/SET SCHEMA PUBLIC
DELETE FROM HISTORYITEM WHERE ID=0
COMMIT
DELETE FROM HISTORYITEM WHERE ID=4
COMMIT
DELETE FROM HISTORYITEM WHERE ID=5
COMMIT
DELETE FROM HISTORYITEM WHERE ID=6
COMMIT
DELETE FROM HISTORYITEM WHERE ID=7
COMMIT
DELETE FROM HISTORYITEM WHERE ID=8
COMMIT
DELETE FROM HISTORYITEM WHERE ID=9
COMMIT
DELETE FROM HISTORYITEM WHERE ID=10
COMMIT
DELETE FROM HISTORYITEM WHERE ID=11
COMMIT
DELETE FROM HISTORYITEM WHERE ID=12
COMMIT
DELETE FROM HISTORYITEM WHERE ID=13
COMMIT
DELETE FROM HISTORYITEM WHERE ID=14
COMMIT
DELETE FROM HISTORYITEM WHERE ID=15
COMMIT
DELETE FROM HISTORYITEM WHERE ID=16
COMMIT
DELETE FROM HISTORYITEM WHERE ID=17
COMMIT
DELETE FROM HISTORYITEM WHERE ID=18
COMMIT
DISCONNECT
/*C36*/SET SCHEMA PUBLIC
DISCONNECT
/*C37*/SET SCHEMA PUBLIC
INSERT INTO HISTORYITEM VALUES(19,'2013-11-24','12:02:22',36.00000000000000000000000000000000)
DELETE FROM STOCKITEM WHERE ID=12
INSERT INTO STOCKITEM VALUES(12,'Puls hele',11.00000000000000000000000000000000,18,'Hele puls')
DELETE FROM STOCKITEM WHERE ID=26
INSERT INTO STOCKITEM VALUES(26,'Coca-cola',7.00000000000000000000000000000000,48,'soda')
COMMIT
DISCONNECT
/*C38*/SET SCHEMA PUBLIC
DISCONNECT
/*C39*/SET SCHEMA PUBLIC
DISCONNECT
