/*C4*/SET SCHEMA PUBLIC
CONNECT USER SA
SET AUTOCOMMIT FALSE
/*C5*/SET SCHEMA PUBLIC
CONNECT USER SA
SET AUTOCOMMIT FALSE
/*C6*/SET SCHEMA PUBLIC
CONNECT USER SA
SET AUTOCOMMIT FALSE
/*C7*/SET SCHEMA PUBLIC
CONNECT USER SA
SET AUTOCOMMIT FALSE
/*C8*/SET SCHEMA PUBLIC
CONNECT USER SA
SET AUTOCOMMIT FALSE
/*C9*/SET SCHEMA PUBLIC
CONNECT USER SA
SET AUTOCOMMIT FALSE
DISCONNECT
/*C10*/SET SCHEMA PUBLIC
CONNECT USER SA
SET AUTOCOMMIT FALSE
INSERT INTO SALE VALUES(25,'2013-11-25 14:08:22.215000000',1)
INSERT INTO SOLDITEM VALUES(19,25,4,'K\u00f5rsikud ',1,7.0)
INSERT INTO SOLDITEM VALUES(20,25,3,'P\u00e4hklid',2,10.0)
DELETE FROM STOCKITEM WHERE ID=3
INSERT INTO STOCKITEM VALUES(3,'P\u00e4hklid',10.0,58,NULL)
DELETE FROM STOCKITEM WHERE ID=4
INSERT INTO STOCKITEM VALUES(4,'K\u00f5rsikud ',7.0,29,NULL)
COMMIT
DISCONNECT
/*C11*/SET SCHEMA PUBLIC
CONNECT USER SA
SET AUTOCOMMIT FALSE
INSERT INTO SALE VALUES(26,'2013-11-25 14:20:02.000000000',1)
INSERT INTO SOLDITEM VALUES(21,26,1,'Layz kr\u00f5psud',1,10.5)
DELETE FROM STOCKITEM WHERE ID=1
INSERT INTO STOCKITEM VALUES(1,'Layz kr\u00f5psud',10.5,95,NULL)
COMMIT
INSERT INTO SALE VALUES(27,'2013-11-25 14:20:44.464000000',1)
INSERT INTO SOLDITEM VALUES(22,27,4,'K\u00f5rsikud ',1,7.0)
INSERT INTO SOLDITEM VALUES(23,27,2,'\u00d5lle vorstikesed',1,15.0)
DELETE FROM STOCKITEM WHERE ID=4
INSERT INTO STOCKITEM VALUES(4,'K\u00f5rsikud ',7.0,28,NULL)
DELETE FROM STOCKITEM WHERE ID=2
INSERT INTO STOCKITEM VALUES(2,'\u00d5lle vorstikesed',15.0,41,NULL)
COMMIT
DISCONNECT
/*C12*/SET SCHEMA PUBLIC
CONNECT USER SA
SET AUTOCOMMIT FALSE
INSERT INTO SALE VALUES(28,'2013-11-25 14:36:50.510000000',1)
INSERT INTO SOLDITEM VALUES(24,28,1,'Layz kr\u00f5psud',1,10.5)
DELETE FROM STOCKITEM WHERE ID=1
INSERT INTO STOCKITEM VALUES(1,'Layz kr\u00f5psud',10.5,94,NULL)
COMMIT
DISCONNECT
/*C13*/SET SCHEMA PUBLIC
CONNECT USER SA
SET AUTOCOMMIT FALSE
DISCONNECT
/*C14*/SET SCHEMA PUBLIC
CONNECT USER SA
SET AUTOCOMMIT FALSE
INSERT INTO SALE VALUES(29,'2013-11-25 15:10:20.602000000',1)
INSERT INTO SOLDITEM VALUES(25,29,4,'K\u00f5rsikud ',1,7.0)
INSERT INTO SOLDITEM VALUES(26,29,1,'Layz kr\u00f5psud',2,10.5)
DELETE FROM STOCKITEM WHERE ID=1
INSERT INTO STOCKITEM VALUES(1,'Layz kr\u00f5psud',10.5,92,NULL)
DELETE FROM STOCKITEM WHERE ID=4
INSERT INTO STOCKITEM VALUES(4,'K\u00f5rsikud ',7.0,27,NULL)
COMMIT
DISCONNECT
